0 verbose cli [ '/usr/bin/node', '/usr/bin/npm', 'run', 'debug' ]
1 info using npm@8.3.1
2 info using node@v16.14.0
3 timing npm:load:whichnode Completed in 0ms
4 timing config:load:defaults Completed in 2ms
5 timing config:load:file:/usr/lib/node_modules/npm/npmrc Completed in 2ms
6 timing config:load:builtin Completed in 2ms
7 timing config:load:cli Completed in 2ms
8 timing config:load:env Completed in 1ms
9 timing config:load:project Completed in 1ms
10 timing config:load:file:/opt/app-root/src/.npmrc Completed in 10ms
11 timing config:load:user Completed in 10ms
12 timing config:load:file:/opt/app-root/src/.npm-global/etc/npmrc Completed in 4ms
13 timing config:load:global Completed in 4ms
14 timing config:load:validate Completed in 1ms
15 timing config:load:credentials Completed in 1ms
16 timing config:load:setEnvs Completed in 1ms
17 timing config:load Completed in 25ms
18 timing npm:load:configload Completed in 25ms
19 timing npm:load:setTitle Completed in 1ms
20 timing config:load:flatten Completed in 3ms
21 timing npm:load:display Completed in 4ms
22 verbose logfile /opt/app-root/src/.npm/_logs/2022-11-22T02_29_48_307Z-debug-0.log
23 timing npm:load:logFile Completed in 5ms
24 timing npm:load:timers Completed in 0ms
25 timing npm:load:configScope Completed in 0ms
26 timing npm:load Completed in 36ms
27 timing command:run Completed in 123097ms
28 verbose exit 143
29 timing npm Completed in 123289ms
30 verbose code 143
